TN:
SF:src\controllers\email.controller.js
FN:3,(anonymous_0)
FN:30,(anonymous_1)
FN:63,(anonymous_2)
FNF:3
FNH:3
FNDA:4,(anonymous_0)
FNDA:4,(anonymous_1)
FNDA:2,(anonymous_2)
DA:1,1
DA:3,1
DA:4,4
DA:5,4
DA:7,4
DA:8,2
DA:14,2
DA:16,1
DA:22,1
DA:23,1
DA:30,1
DA:31,4
DA:32,4
DA:34,4
DA:35,3
DA:41,1
DA:49,1
DA:55,0
DA:56,0
DA:63,1
DA:64,2
DA:65,2
DA:67,2
DA:68,1
DA:74,1
DA:76,1
DA:82,0
DA:83,0
DA:90,1
LF:29
LH:25
BRDA:7,0,0,2
BRDA:7,0,1,2
BRDA:7,1,0,4
BRDA:7,1,1,3
BRDA:34,2,0,3
BRDA:34,2,1,1
BRDA:34,3,0,4
BRDA:34,3,1,3
BRDA:34,3,2,2
BRDA:67,4,0,1
BRDA:67,4,1,1
BRF:11
BRH:11
end_of_record
TN:
SF:src\routes\email.route.js
FNF:0
FNH:0
DA:1,1
DA:2,1
DA:3,1
DA:5,1
DA:6,1
DA:7,1
DA:9,1
LF:7
LH:7
BRF:0
BRH:0
end_of_record
TN:
SF:src\routes\index.route.js
FNF:0
FNH:0
DA:1,0
DA:2,0
DA:3,0
DA:5,0
DA:7,0
LF:5
LH:0
BRF:0
BRH:0
end_of_record
TN:
SF:src\services\email.service.js
FN:5,(anonymous_0)
FN:17,(anonymous_1)
FN:31,(anonymous_2)
FN:42,(anonymous_3)
FN:53,(anonymous_4)
FNF:5
FNH:4
FNDA:4,(anonymous_0)
FNDA:4,(anonymous_1)
FNDA:0,(anonymous_2)
FNDA:1,(anonymous_3)
FNDA:1,(anonymous_4)
DA:1,1
DA:2,1
DA:6,4
DA:18,4
DA:19,4
DA:20,3
DA:26,1
DA:27,1
DA:32,0
DA:39,0
DA:43,1
DA:50,1
DA:54,1
DA:67,1
DA:71,1
LF:15
LH:13
BRDA:7,0,0,4
BRDA:7,0,1,0
BRDA:8,1,0,4
BRDA:8,1,1,0
BRDA:33,2,0,0
BRDA:33,2,1,0
BRDA:44,3,0,1
BRDA:44,3,1,0
BRDA:46,4,0,1
BRDA:46,4,1,1
BRDA:55,5,0,1
BRDA:55,5,1,0
BRF:12
BRH:6
end_of_record
TN:
SF:src\templates\email.template.js
FN:1,(anonymous_0)
FNF:1
FNH:0
FNDA:0,(anonymous_0)
DA:1,0
DA:2,0
DA:206,0
LF:3
LH:0
BRF:0
BRH:0
end_of_record
